# JRE version: OpenJDK Runtime Environment Temurin-21.0.10+7 (21.0.10+7) (build 21.0.10+7-LTS)
# Java VM: OpenJDK 64-Bit Server VM Temurin-21.0.10+7 (21.0.10+7-LTS, mixed mode, sharing, tiered, compressed oops, compressed class ptrs, parallel gc, windows-amd64)
GC Precious Log:
 CardTable entry size: 512
 CPUs: 12 total, 12 available
 Memory: 16013M
 Large Page Support: Disabled
 NUMA Support: Disabled
 Compressed Oops: Enabled (32-bit)
 Alignments: Space 512K, Generation 512K, Heap 2M
 Heap Min Capacity: 100M
 Heap Initial Capacity: 100M
 Heap Max Capacity: 2G
 Pre-touch: Disabled
 Parallel Workers: 10
Heap:
 PSYoungGen      total 3584K, used 3009K [0x00000000d5580000, 0x00000000d5b00000, 0x0000000100000000)
  eden space 3072K, 90% used [0x00000000d5580000,0x00000000d58386c8,0x00000000d5880000)
  from space 512K, 43% used [0x00000000d5a80000,0x00000000d5ab8000,0x00000000d5b00000)
  to   space 1024K, 0% used [0x00000000d5900000,0x00000000d5900000,0x00000000d5a00000)
 ParOldGen       total 814080K, used 308040K [0x0000000080000000, 0x00000000b1b00000, 0x00000000d5580000)
  object space 814080K, 37% used [0x0000000080000000,0x0000000092cd2070,0x00000000b1b00000)
 Metaspace       used 86752K, committed 88448K, reserved 1179648K
  class space    used 9408K, committed 10112K, reserved 1048576K
GC Heap History (20 events):
Event: 288.141 GC heap before
{Heap before GC invocations=785 (full 4):
 PSYoungGen      total 3072K, used 3072K [0x00000000d5580000, 0x00000000d5a00000, 0x0000000100000000)
  eden space 2560K, 100% used [0x00000000d5580000,0x00000000d5800000,0x00000000d5800000)
  from space 512K, 100% used [0x00000000d5900000,0x00000000d5980000,0x00000000d5980000)
  to   space 1024K, 0% used [0x00000000d5800000,0x00000000d5800000,0x00000000d5900000)
 ParOldGen       total 814080K, used 296850K [0x0000000080000000, 0x00000000b1b00000, 0x00000000d5580000)
  object space 814080K, 36% used [0x0000000080000000,0x00000000921e4880,0x00000000b1b00000)
 Metaspace       used 86703K, committed 88384K, reserved 1179648K
  class space    used 9404K, committed 10112K, reserved 1048576K
}
Event: 288.143 GC heap after
{Heap after GC invocations=785 (full 4):
 PSYoungGen      total 3584K, used 1021K [0x00000000d5580000, 0x00000000d5b00000, 0x0000000100000000)
  eden space 2560K, 0% used [0x00000000d5580000,0x00000000d5580000,0x00000000d5800000)
  from space 1024K, 99% used [0x00000000d5800000,0x00000000d58ff5b8,0x00000000d5900000)
  to   space 1536K, 0% used [0x00000000d5980000,0x00000000d5980000,0x00000000d5b00000)
 ParOldGen       total 814080K, used 297178K [0x0000000080000000, 0x00000000b1b00000, 0x00000000d5580000)
  object space 814080K, 36% used [0x0000000080000000,0x0000000092236880,0x00000000b1b00000)
 Metaspace       used 86703K, committed 88384K, reserved 1179648K
  class space    used 9404K, committed 10112K, reserved 1048576K
}
Event: 288.149 GC heap before
{Heap before GC invocations=786 (full 4):
 PSYoungGen      total 3584K, used 3581K [0x00000000d5580000, 0x00000000d5b00000, 0x0000000100000000)
  eden space 2560K, 100% used [0x00000000d5580000,0x00000000d5800000,0x00000000d5800000)
  from space 1024K, 99% used [0x00000000d5800000,0x00000000d58ff5b8,0x00000000d5900000)
  to   space 1536K, 0% used [0x00000000d5980000,0x00000000d5980000,0x00000000d5b00000)
 ParOldGen       total 814080K, used 297178K [0x0000000080000000, 0x00000000b1b00000, 0x00000000d5580000)
  object space 814080K, 36% used [0x0000000080000000,0x0000000092236880,0x00000000b1b00000)
 Metaspace       used 86703K, committed 88384K, reserved 1179648K
  class space    used 9404K, committed 10112K, reserved 1048576K
}
Event: 288.152 GC heap after
{Heap after GC invocations=786 (full 4):
 PSYoungGen      total 2048K, used 1536K [0x00000000d5580000, 0x00000000d6000000, 0x0000000100000000)
  eden space 512K, 0% used [0x00000000d5580000,0x00000000d5580000,0x00000000d5600000)
  from space 1536K, 100% used [0x00000000d5980000,0x00000000d5b00000,0x00000000d5b00000)
  to   space 3584K, 0% used [0x00000000d5600000,0x00000000d5600000,0x00000000d5980000)
 ParOldGen       total 814080K, used 298979K [0x0000000080000000, 0x00000000b1b00000, 0x00000000d5580000)
  object space 814080K, 36% used [0x0000000080000000,0x00000000923f8c60,0x00000000b1b00000)
 Metaspace       used 86703K, committed 88384K, reserved 1179648K
  class space    used 9404K, committed 10112K, reserved 1048576K
}
Event: 288.154 GC heap before
{Heap before GC invocations=787 (full 4):
 PSYoungGen      total 2048K, used 2048K [0x00000000d5580000, 0x00000000d6000000, 0x0000000100000000)
  eden space 512K, 100% used [0x00000000d5580000,0x00000000d5600000,0x00000000d5600000)
  from space 1536K, 100% used [0x00000000d5980000,0x00000000d5b00000,0x00000000d5b00000)
  to   space 3584K, 0% used [0x00000000d5600000,0x00000000d5600000,0x00000000d5980000)
 ParOldGen       total 814080K, used 298979K [0x0000000080000000, 0x00000000b1b00000, 0x00000000d5580000)
  object space 814080K, 36% used [0x0000000080000000,0x00000000923f8c60,0x00000000b1b00000)
 Metaspace       used 86703K, committed 88384K, reserved 1179648K
  class space    used 9404K, committed 10112K, reserved 1048576K
}
Event: 288.157 GC heap after
{Heap after GC invocations=787 (full 4):
 PSYoungGen      total 1536K, used 640K [0x00000000d5580000, 0x00000000d5a80000, 0x0000000100000000)
  eden space 512K, 0% used [0x00000000d5580000,0x00000000d5580000,0x00000000d5600000)
  from space 1024K, 62% used [0x00000000d5600000,0x00000000d56a0000,0x00000000d5700000)
  to   space 2048K, 0% used [0x00000000d5880000,0x00000000d5880000,0x00000000d5a80000)
 ParOldGen       total 814080K, used 300571K [0x0000000080000000, 0x00000000b1b00000, 0x00000000d5580000)
  object space 814080K, 36% used [0x0000000080000000,0x0000000092586c60,0x00000000b1b00000)
 Metaspace       used 86703K, committed 88384K, reserved 1179648K
  class space    used 9404K, committed 10112K, reserved 1048576K
}
Event: 288.159 GC heap before
{Heap before GC invocations=788 (full 4):
 PSYoungGen      total 1536K, used 1152K [0x00000000d5580000, 0x00000000d5a80000, 0x0000000100000000)
  eden space 512K, 100% used [0x00000000d5580000,0x00000000d5600000,0x00000000d5600000)
  from space 1024K, 62% used [0x00000000d5600000,0x00000000d56a0000,0x00000000d5700000)
  to   space 2048K, 0% used [0x00000000d5880000,0x00000000d5880000,0x00000000d5a80000)
 ParOldGen       total 814080K, used 300571K [0x0000000080000000, 0x00000000b1b00000, 0x00000000d5580000)
  object space 814080K, 36% used [0x0000000080000000,0x0000000092586c60,0x00000000b1b00000)
 Metaspace       used 86703K, committed 88384K, reserved 1179648K
  class space    used 9404K, committed 10112K, reserved 1048576K
}
Event: 288.160 GC heap after
{Heap after GC invocations=788 (full 4):
 PSYoungGen      total 2048K, used 640K [0x00000000d5580000, 0x00000000d5980000, 0x0000000100000000)
  eden space 1024K, 0% used [0x00000000d5580000,0x00000000d5580000,0x00000000d5680000)
  from space 1024K, 62% used [0x00000000d5880000,0x00000000d5920000,0x00000000d5980000)
  to   space 1024K, 0% used [0x00000000d5780000,0x00000000d5780000,0x00000000d5880000)
 ParOldGen       total 814080K, used 301075K [0x0000000080000000, 0x00000000b1b00000, 0x00000000d5580000)
  object space 814080K, 36% used [0x0000000080000000,0x0000000092604c60,0x00000000b1b00000)
 Metaspace       used 86703K, committed 88384K, reserved 1179648K
  class space    used 9404K, committed 10112K, reserved 1048576K
}
Event: 288.164 GC heap before
{Heap before GC invocations=789 (full 4):
 PSYoungGen      total 2048K, used 1664K [0x00000000d5580000, 0x00000000d5980000, 0x0000000100000000)
  eden space 1024K, 100% used [0x00000000d5580000,0x00000000d5680000,0x00000000d5680000)
  from space 1024K, 62% used [0x00000000d5880000,0x00000000d5920000,0x00000000d5980000)
  to   space 1024K, 0% used [0x00000000d5780000,0x00000000d5780000,0x00000000d5880000)
 ParOldGen       total 814080K, used 301075K [0x0000000080000000, 0x00000000b1b00000, 0x00000000d5580000)
  object space 814080K, 36% used [0x0000000080000000,0x0000000092604c60,0x00000000b1b00000)
 Metaspace       used 86703K, committed 88384K, reserved 1179648K
  class space    used 9404K, committed 10112K, reserved 1048576K
}
Event: 288.167 GC heap after
{Heap after GC invocations=789 (full 4):
 PSYoungGen      total 2560K, used 1012K [0x00000000d5580000, 0x00000000d5b00000, 0x0000000100000000)
  eden space 1536K, 0% used [0x00000000d5580000,0x00000000d5580000,0x00000000d5700000)
  from space 1024K, 98% used [0x00000000d5780000,0x00000000d587d000,0x00000000d5880000)
  to   space 2048K, 0% used [0x00000000d5900000,0x00000000d5900000,0x00000000d5b00000)
 ParOldGen       total 814080K, used 301611K [0x0000000080000000, 0x00000000b1b00000, 0x00000000d5580000)
  object space 814080K, 37% used [0x0000000080000000,0x000000009268ac60,0x00000000b1b00000)
 Metaspace       used 86703K, committed 88384K, reserved 1179648K
  class space    used 9404K, committed 10112K, reserved 1048576K
}
Event: 288.171 GC heap before
{Heap before GC invocations=790 (full 4):
 PSYoungGen      total 2560K, used 2337K [0x00000000d5580000, 0x00000000d5b00000, 0x0000000100000000)
  eden space 1536K, 86% used [0x00000000d5580000,0x00000000d56cb5c0,0x00000000d5700000)
  from space 1024K, 98% used [0x00000000d5780000,0x00000000d587d000,0x00000000d5880000)
  to   space 2048K, 0% used [0x00000000d5900000,0x00000000d5900000,0x00000000d5b00000)
 ParOldGen       total 814080K, used 301611K [0x0000000080000000, 0x00000000b1b00000, 0x00000000d5580000)
  object space 814080K, 37% used [0x0000000080000000,0x000000009268ac60,0x00000000b1b00000)
 Metaspace       used 86703K, committed 88384K, reserved 1179648K
  class space    used 9404K, committed 10112K, reserved 1048576K
}
Event: 288.172 GC heap after
{Heap after GC invocations=790 (full 4):
 PSYoungGen      total 3584K, used 1344K [0x00000000d5580000, 0x00000000d5a80000, 0x0000000100000000)
  eden space 2048K, 0% used [0x00000000d5580000,0x00000000d5580000,0x00000000d5780000)
  from space 1536K, 87% used [0x00000000d5900000,0x00000000d5a50000,0x00000000d5a80000)
  to   space 1536K, 0% used [0x00000000d5780000,0x00000000d5780000,0x00000000d5900000)
 ParOldGen       total 814080K, used 302459K [0x0000000080000000, 0x00000000b1b00000, 0x00000000d5580000)
  object space 814080K, 37% used [0x0000000080000000,0x000000009275ec60,0x00000000b1b00000)
 Metaspace       used 86703K, committed 88384K, reserved 1179648K
  class space    used 9404K, committed 10112K, reserved 1048576K
}
Event: 288.183 GC heap before
{Heap before GC invocations=791 (full 4):
 PSYoungGen      total 3584K, used 3392K [0x00000000d5580000, 0x00000000d5a80000, 0x0000000100000000)
  eden space 2048K, 100% used [0x00000000d5580000,0x00000000d5780000,0x00000000d5780000)
  from space 1536K, 87% used [0x00000000d5900000,0x00000000d5a50000,0x00000000d5a80000)
  to   space 1536K, 0% used [0x00000000d5780000,0x00000000d5780000,0x00000000d5900000)
 ParOldGen       total 814080K, used 302459K [0x0000000080000000, 0x00000000b1b00000, 0x00000000d5580000)
  object space 814080K, 37% used [0x0000000080000000,0x000000009275ec60,0x00000000b1b00000)
 Metaspace       used 86703K, committed 88384K, reserved 1179648K
  class space    used 9404K, committed 10112K, reserved 1048576K
}
Event: 288.185 GC heap after
{Heap after GC invocations=791 (full 4):
 PSYoungGen      total 3584K, used 1523K [0x00000000d5580000, 0x00000000d5f00000, 0x0000000100000000)
  eden space 2048K, 0% used [0x00000000d5580000,0x00000000d5580000,0x00000000d5780000)
  from space 1536K, 99% used [0x00000000d5780000,0x00000000d58fcd60,0x00000000d5900000)
  to   space 3584K, 0% used [0x00000000d5b80000,0x00000000d5b80000,0x00000000d5f00000)
 ParOldGen       total 814080K, used 303803K [0x0000000080000000, 0x00000000b1b00000, 0x00000000d5580000)
  object space 814080K, 37% used [0x0000000080000000,0x00000000928aec60,0x00000000b1b00000)
 Metaspace       used 86703K, committed 88384K, reserved 1179648K
  class space    used 9404K, committed 10112K, reserved 1048576K
}
Event: 288.188 GC heap before
{Heap before GC invocations=792 (full 4):
 PSYoungGen      total 3584K, used 3563K [0x00000000d5580000, 0x00000000d5f00000, 0x0000000100000000)
  eden space 2048K, 99% used [0x00000000d5580000,0x00000000d577e1c0,0x00000000d5780000)
  from space 1536K, 99% used [0x00000000d5780000,0x00000000d58fcd60,0x00000000d5900000)
  to   space 3584K, 0% used [0x00000000d5b80000,0x00000000d5b80000,0x00000000d5f00000)
 ParOldGen       total 814080K, used 303803K [0x0000000080000000, 0x00000000b1b00000, 0x00000000d5580000)
  object space 814080K, 37% used [0x0000000080000000,0x00000000928aec60,0x00000000b1b00000)
 Metaspace       used 86703K, committed 88384K, reserved 1179648K
  class space    used 9404K, committed 10112K, reserved 1048576K
}
Event: 288.191 GC heap after
{Heap after GC invocations=792 (full 4):
 PSYoungGen      total 4608K, used 2024K [0x00000000d5580000, 0x00000000d5d80000, 0x0000000100000000)
  eden space 2560K, 0% used [0x00000000d5580000,0x00000000d5580000,0x00000000d5800000)
  from space 2048K, 98% used [0x00000000d5b80000,0x00000000d5d7a000,0x00000000d5d80000)
  to   space 2560K, 0% used [0x00000000d5880000,0x00000000d5880000,0x00000000d5b00000)
 ParOldGen       total 814080K, used 305496K [0x0000000080000000, 0x00000000b1b00000, 0x00000000d5580000)
  object space 814080K, 37% used [0x0000000080000000,0x0000000092a56070,0x00000000b1b00000)
 Metaspace       used 86703K, committed 88384K, reserved 1179648K
  class space    used 9404K, committed 10112K, reserved 1048576K
}
Event: 288.559 GC heap before
{Heap before GC invocations=793 (full 4):
 PSYoungGen      total 4608K, used 4584K [0x00000000d5580000, 0x00000000d5d80000, 0x0000000100000000)
  eden space 2560K, 100% used [0x00000000d5580000,0x00000000d5800000,0x00000000d5800000)
  from space 2048K, 98% used [0x00000000d5b80000,0x00000000d5d7a000,0x00000000d5d80000)
  to   space 2560K, 0% used [0x00000000d5880000,0x00000000d5880000,0x00000000d5b00000)
 ParOldGen       total 814080K, used 305496K [0x0000000080000000, 0x00000000b1b00000, 0x00000000d5580000)
  object space 814080K, 37% used [0x0000000080000000,0x0000000092a56070,0x00000000b1b00000)
 Metaspace       used 86707K, committed 88384K, reserved 1179648K
  class space    used 9404K, committed 10112K, reserved 1048576K
}
Event: 288.567 GC heap after
{Heap after GC invocations=793 (full 4):
 PSYoungGen      total 4096K, used 960K [0x00000000d5580000, 0x00000000d5c00000, 0x0000000100000000)
  eden space 3072K, 0% used [0x00000000d5580000,0x00000000d5580000,0x00000000d5880000)
  from space 1024K, 93% used [0x00000000d5880000,0x00000000d5970010,0x00000000d5980000)
  to   space 1536K, 0% used [0x00000000d5a80000,0x00000000d5a80000,0x00000000d5c00000)
 ParOldGen       total 814080K, used 307288K [0x0000000080000000, 0x00000000b1b00000, 0x00000000d5580000)
  object space 814080K, 37% used [0x0000000080000000,0x0000000092c16070,0x00000000b1b00000)
 Metaspace       used 86707K, committed 88384K, reserved 1179648K
  class space    used 9404K, committed 10112K, reserved 1048576K
}
Event: 288.729 GC heap before
{Heap before GC invocations=794 (full 4):
 PSYoungGen      total 4096K, used 4032K [0x00000000d5580000, 0x00000000d5c00000, 0x0000000100000000)
  eden space 3072K, 100% used [0x00000000d5580000,0x00000000d5880000,0x00000000d5880000)
  from space 1024K, 93% used [0x00000000d5880000,0x00000000d5970010,0x00000000d5980000)
  to   space 1536K, 0% used [0x00000000d5a80000,0x00000000d5a80000,0x00000000d5c00000)
 ParOldGen       total 814080K, used 307288K [0x0000000080000000, 0x00000000b1b00000, 0x00000000d5580000)
  object space 814080K, 37% used [0x0000000080000000,0x0000000092c16070,0x00000000b1b00000)
 Metaspace       used 86711K, committed 88448K, reserved 1179648K
  class space    used 9404K, committed 10112K, reserved 1048576K
}
Event: 288.732 GC heap after
{Heap after GC invocations=794 (full 4):
 PSYoungGen      total 3584K, used 224K [0x00000000d5580000, 0x00000000d5b00000, 0x0000000100000000)
  eden space 3072K, 0% used [0x00000000d5580000,0x00000000d5580000,0x00000000d5880000)
  from space 512K, 43% used [0x00000000d5a80000,0x00000000d5ab8000,0x00000000d5b00000)
  to   space 1024K, 0% used [0x00000000d5900000,0x00000000d5900000,0x00000000d5a00000)
 ParOldGen       total 814080K, used 308040K [0x0000000080000000, 0x00000000b1b00000, 0x00000000d5580000)
  object space 814080K, 37% used [0x0000000080000000,0x0000000092cd2070,0x00000000b1b00000)
 Metaspace       used 86711K, committed 88448K, reserved 1179648K
  class space    used 9404K, committed 10112K, reserved 1048576K
}

